<?xml version="1.0" encoding="UTF-8"?>
<testsuites name="Flow Order" time="113.581" tests="4" failures="0" errors="0">
   <testsuite name="Flow Order" tests="4" failures="0" errors="0" time="113.581" skipped="0" timestamp="19-09-2024T05:27:59" hostname="asma.nasyith - 503-01925.modena.com" id="Test Suites/Flow Order">
      <properties>
         <property name="deviceName" value=""/>
         <property name="devicePlatform"/>
         <property name="logFolder" value="C:\\Users\\asma.nasyith\\git\\katalon-taskfinal-Web-Asma-Karimah\\Reports\\20240919_052749\\Flow Order\\20240919_052749"/>
         <property name="logFiles" value="C:\\Users\\asma.nasyith\\git\\katalon-taskfinal-Web-Asma-Karimah\\Reports\\20240919_052749\\Flow Order\\20240919_052749\\execution0.log"/>
         <property name="attachments" value=""/>
         <property name="hostName" value="asma.nasyith - 503-01925.modena.com"/>
         <property name="os" value="Windows 11 64bit"/>
         <property name="katalonVersion" value="9.6.0.217"/>
         <property name="browser" value="Chrome 128.0.0.0"/>
         <property name="hostAddress" value="192.168.0.183"/>
         <property name="sessionId" value="16dd5f0c352c8624a41bcc2c6e381a42"/>
         <property name="seleniumVersion" value="3.141.59"/>
         <property name="proxyInformation" value="ProxyInformation { proxyOption=NO_PROXY, proxyServerType=HTTP, username=, password=********, proxyServerAddress=, proxyServerPort=0, executionList=&quot;&quot;, isApplyToDesiredCapabilities=true }"/>
         <property name="platform" value="Windows 11"/>
      </properties>
      <testcase name="Test Cases/TC User/Login" time="16.408" classname="Test Cases/TC User/Login" status="PASSED">
         <system-out><![CDATA[19-09-2024T05:28:00 - [TEST_CASE][PASSED] - Test Cases/TC User/Login: Test Cases/TC User/Login

19-09-2024T05:28:03 - [TEST_STEP][PASSED] - openBrowser(""): Browser is opened with url: ''

19-09-2024T05:28:04 - [MESSAGE][INFO] - Starting 'Chrome' driver

19-09-2024T05:28:04 - [MESSAGE][INFO] - Action delay is set to 0 milliseconds

19-09-2024T05:28:07 - [MESSAGE][PASSED] - Browser is opened with url: ''

19-09-2024T05:28:07 - [TEST_STEP][PASSED] - navigateToUrl(siteURL): Navigate to 'https://juice-shop.herokuapp.com/#/' successfully

19-09-2024T05:28:12 - [MESSAGE][PASSED] - Navigate to 'https://juice-shop.herokuapp.com/#/' successfully

19-09-2024T05:28:12 - [TEST_STEP][PASSED] - click(findTestObject("Language/button_Dismiss")): Object: 'Object Repository/Language/button_Dismiss' is clicked on

19-09-2024T05:28:12 - [MESSAGE][PASSED] - Object: 'Object Repository/Language/button_Dismiss' is clicked on

19-09-2024T05:28:12 - [TEST_STEP][PASSED] - click(findTestObject("Language/a_cookies btn")): Object: 'Object Repository/Language/a_cookies btn' is clicked on

19-09-2024T05:28:13 - [MESSAGE][PASSED] - Object: 'Object Repository/Language/a_cookies btn' is clicked on

19-09-2024T05:28:13 - [TEST_STEP][PASSED] - click(findTestObject("Object Repository/Login/button_account")): Object: 'Object Repository/Login/button_account' is clicked on

19-09-2024T05:28:13 - [MESSAGE][PASSED] - Object: 'Object Repository/Login/button_account' is clicked on

19-09-2024T05:28:13 - [TEST_STEP][PASSED] - click(findTestObject("Object Repository/Login/button_Login Menu")): Object: 'Object Repository/Login/button_Login Menu' is clicked on

19-09-2024T05:28:14 - [MESSAGE][PASSED] - Object: 'Object Repository/Login/button_Login Menu' is clicked on

19-09-2024T05:28:14 - [TEST_STEP][PASSED] - click(findTestObject("Object Repository/Login/div_Input Email")): Object: 'Object Repository/Login/div_Input Email' is clicked on

19-09-2024T05:28:15 - [MESSAGE][PASSED] - Object: 'Object Repository/Login/div_Input Email' is clicked on

19-09-2024T05:28:15 - [TEST_STEP][PASSED] - setText(findTestObject("Object Repository/Login/input_Login_email"), username): Text 'lala@gmail.com' is set on object 'Object Repository/Login/input_Login_email'

19-09-2024T05:28:15 - [MESSAGE][PASSED] - Text 'lala@gmail.com' is set on object 'Object Repository/Login/input_Login_email'

19-09-2024T05:28:15 - [TEST_STEP][PASSED] - click(findTestObject("Object Repository/Login/div_Password")): Object: 'Object Repository/Login/div_Password' is clicked on

19-09-2024T05:28:16 - [MESSAGE][PASSED] - Object: 'Object Repository/Login/div_Password' is clicked on

19-09-2024T05:28:16 - [TEST_STEP][PASSED] - setEncryptedText(findTestObject("Object Repository/Login/input_Password"), password): Text ****** has been set on object 'Object Repository/Login/input_Password'

19-09-2024T05:28:16 - [MESSAGE][PASSED] - Text ****** has been set on object 'Object Repository/Login/input_Password'

19-09-2024T05:28:16 - [TEST_STEP][PASSED] - click(findTestObject("Object Repository/Login/button_Login")): Object: 'Object Repository/Login/button_Login' is clicked on

19-09-2024T05:28:16 - [MESSAGE][PASSED] - Object: 'Object Repository/Login/button_Login' is clicked on]]></system-out>
         <system-err><![CDATA[]]></system-err>
      </testcase>
      <testcase name="Test Cases/TC User/Add to cart" time="6.392" classname="Test Cases/TC User/Add to cart" status="PASSED">
         <system-out><![CDATA[19-09-2024T05:28:16 - [TEST_CASE][PASSED] - Test Cases/TC User/Add to cart: Test Cases/TC User/Add to cart

19-09-2024T05:28:17 - [TEST_STEP][PASSED] - click(findTestObject("Object Repository/Search/mat-icon_search")): Object: 'Object Repository/Search/mat-icon_search' is clicked on

19-09-2024T05:28:18 - [MESSAGE][PASSED] - Object: 'Object Repository/Search/mat-icon_search' is clicked on

19-09-2024T05:28:18 - [TEST_STEP][PASSED] - setText(findTestObject("Search/input_OWASP Juice Shop_mat-input-0"), buah): Text 'apple juice' is set on object 'Object Repository/Search/input_OWASP Juice Shop_mat-input-0'

19-09-2024T05:28:18 - [MESSAGE][PASSED] - Text 'apple juice' is set on object 'Object Repository/Search/input_OWASP Juice Shop_mat-input-0'

19-09-2024T05:28:18 - [TEST_STEP][PASSED] - sendKeys(findTestObject("Search/input_OWASP Juice Shop_mat-input-0"), Keys.chord(ENTER)): Keys 'ENTER + ' sent to object: 'Object Repository/Search/input_OWASP Juice Shop_mat-input-0'

19-09-2024T05:28:19 - [MESSAGE][PASSED] - Keys 'ENTER + ' sent to object: 'Object Repository/Search/input_OWASP Juice Shop_mat-input-0'

19-09-2024T05:28:19 - [TEST_STEP][PASSED] - click(findTestObject("Object Repository/Cart/button_Add to Basket")): Object: 'Object Repository/Cart/button_Add to Basket' is clicked on

19-09-2024T05:28:19 - [MESSAGE][PASSED] - Object: 'Object Repository/Cart/button_Add to Basket' is clicked on

19-09-2024T05:28:19 - [TEST_STEP][PASSED] - doubleClick(findTestObject("Search/mat-icon_search")): Object: 'Object Repository/Search/mat-icon_search' is double clicked on

19-09-2024T05:28:21 - [MESSAGE][PASSED] - Object: 'Object Repository/Search/mat-icon_search' is double clicked on

19-09-2024T05:28:21 - [TEST_STEP][PASSED] - click(findTestObject("Cart/mat-icon_shopping_cart")): Object: 'Object Repository/Cart/mat-icon_shopping_cart' is clicked on

19-09-2024T05:28:22 - [MESSAGE][PASSED] - Object: 'Object Repository/Cart/mat-icon_shopping_cart' is clicked on

19-09-2024T05:28:22 - [TEST_STEP][PASSED] - verifyElementPresent(findTestObject("Cart/mat-cell_Apple Juice (1000ml)"), 0): Object 'Object Repository/Cart/mat-cell_Apple Juice (1000ml)' is present

19-09-2024T05:28:22 - [MESSAGE][WARNING] - Timeout '0' is invalid. Using default page load timeout: '30'

19-09-2024T05:28:23 - [MESSAGE][PASSED] - Object 'Object Repository/Cart/mat-cell_Apple Juice (1000ml)' is present

19-09-2024T05:28:23 - [TEST_STEP][PASSED] - back(): Navigate back successfully

19-09-2024T05:28:23 - [MESSAGE][PASSED] - Navigate back successfully]]></system-out>
         <system-err><![CDATA[]]></system-err>
      </testcase>
      <testcase name="Test Cases/TC User/Add to cart" time="44.759" classname="Test Cases/TC User/Add to cart" status="PASSED">
         <system-out><![CDATA[19-09-2024T05:28:23 - [TEST_CASE][PASSED] - Test Cases/TC User/Add to cart: Test Cases/TC User/Add to cart

19-09-2024T05:28:23 - [TEST_STEP][PASSED] - click(findTestObject("Object Repository/Search/mat-icon_search")): Object: 'Object Repository/Search/mat-icon_search' is clicked on

19-09-2024T05:28:24 - [MESSAGE][PASSED] - Object: 'Object Repository/Search/mat-icon_search' is clicked on

19-09-2024T05:28:24 - [TEST_STEP][PASSED] - setText(findTestObject("Search/input_OWASP Juice Shop_mat-input-0"), buah): Text 'banana juice' is set on object 'Object Repository/Search/input_OWASP Juice Shop_mat-input-0'

19-09-2024T05:28:25 - [MESSAGE][PASSED] - Text 'banana juice' is set on object 'Object Repository/Search/input_OWASP Juice Shop_mat-input-0'

19-09-2024T05:28:25 - [TEST_STEP][PASSED] - sendKeys(findTestObject("Search/input_OWASP Juice Shop_mat-input-0"), Keys.chord(ENTER)): Keys 'ENTER + ' sent to object: 'Object Repository/Search/input_OWASP Juice Shop_mat-input-0'

19-09-2024T05:28:25 - [MESSAGE][PASSED] - Keys 'ENTER + ' sent to object: 'Object Repository/Search/input_OWASP Juice Shop_mat-input-0'

19-09-2024T05:28:25 - [TEST_STEP][PASSED] - click(findTestObject("Object Repository/Cart/button_Add to Basket")): Object: 'Object Repository/Cart/button_Add to Basket' is clicked on

19-09-2024T05:28:57 - [MESSAGE][INFO] - Unable to find the element located by 'By.xpath: (.//*[normalize-space(text()) and normalize-space(.)='Apple Juice (1000ml)'])[1]/following::button[1]'. Please recheck the objects properties to make sure the desired element is located. 

19-09-2024T05:28:57 - [MESSAGE][WARNING] - [SELF-HEALING] Failed to find element with id 'Object Repository/Cart/button_Add to Basket'. Try using Self-healing.

19-09-2024T05:28:59 - [MESSAGE][WARNING] - [SELF-HEALING] The current locator of test object 'Object Repository/Cart/button_Add to Basket' was broken. Propose an alternative one: '//div[2]/button'.

19-09-2024T05:28:59 - [MESSAGE][PASSED] - Object: 'Object Repository/Cart/button_Add to Basket' is clicked on

19-09-2024T05:28:59 - [TEST_STEP][PASSED] - doubleClick(findTestObject("Search/mat-icon_search")): Object: 'Object Repository/Search/mat-icon_search' is double clicked on

19-09-2024T05:29:04 - [MESSAGE][PASSED] - Object: 'Object Repository/Search/mat-icon_search' is double clicked on

19-09-2024T05:29:04 - [TEST_STEP][PASSED] - click(findTestObject("Cart/mat-icon_shopping_cart")): Object: 'Object Repository/Cart/mat-icon_shopping_cart' is clicked on

19-09-2024T05:29:06 - [MESSAGE][PASSED] - Object: 'Object Repository/Cart/mat-icon_shopping_cart' is clicked on

19-09-2024T05:29:06 - [TEST_STEP][PASSED] - verifyElementPresent(findTestObject("Cart/mat-cell_Apple Juice (1000ml)"), 0): Object 'Object Repository/Cart/mat-cell_Apple Juice (1000ml)' is present

19-09-2024T05:29:06 - [MESSAGE][WARNING] - Timeout '0' is invalid. Using default page load timeout: '30'

19-09-2024T05:29:08 - [MESSAGE][PASSED] - Object 'Object Repository/Cart/mat-cell_Apple Juice (1000ml)' is present

19-09-2024T05:29:08 - [TEST_STEP][PASSED] - back(): Navigate back successfully

19-09-2024T05:29:08 - [MESSAGE][PASSED] - Navigate back successfully]]></system-out>
         <system-err><![CDATA[]]></system-err>
      </testcase>
      <testcase name="Test Cases/TC User/Add to cart" time="44.966" classname="Test Cases/TC User/Add to cart" status="PASSED">
         <system-out><![CDATA[19-09-2024T05:29:08 - [TEST_CASE][PASSED] - Test Cases/TC User/Add to cart: Test Cases/TC User/Add to cart

19-09-2024T05:29:08 - [TEST_STEP][PASSED] - click(findTestObject("Object Repository/Search/mat-icon_search")): Object: 'Object Repository/Search/mat-icon_search' is clicked on

19-09-2024T05:29:08 - [MESSAGE][PASSED] - Object: 'Object Repository/Search/mat-icon_search' is clicked on

19-09-2024T05:29:08 - [TEST_STEP][PASSED] - setText(findTestObject("Search/input_OWASP Juice Shop_mat-input-0"), buah): Text 'carrot juice' is set on object 'Object Repository/Search/input_OWASP Juice Shop_mat-input-0'

19-09-2024T05:29:09 - [MESSAGE][PASSED] - Text 'carrot juice' is set on object 'Object Repository/Search/input_OWASP Juice Shop_mat-input-0'

19-09-2024T05:29:09 - [TEST_STEP][PASSED] - sendKeys(findTestObject("Search/input_OWASP Juice Shop_mat-input-0"), Keys.chord(ENTER)): Keys 'ENTER + ' sent to object: 'Object Repository/Search/input_OWASP Juice Shop_mat-input-0'

19-09-2024T05:29:10 - [MESSAGE][PASSED] - Keys 'ENTER + ' sent to object: 'Object Repository/Search/input_OWASP Juice Shop_mat-input-0'

19-09-2024T05:29:10 - [TEST_STEP][PASSED] - click(findTestObject("Object Repository/Cart/button_Add to Basket")): Object: 'Object Repository/Cart/button_Add to Basket' is clicked on

19-09-2024T05:29:42 - [MESSAGE][INFO] - Unable to find the element located by 'By.xpath: (.//*[normalize-space(text()) and normalize-space(.)='Apple Juice (1000ml)'])[1]/following::button[1]'. Please recheck the objects properties to make sure the desired element is located. 

19-09-2024T05:29:42 - [MESSAGE][WARNING] - [SELF-HEALING] Failed to find element with id 'Object Repository/Cart/button_Add to Basket'. Try using Self-healing.

19-09-2024T05:29:44 - [MESSAGE][WARNING] - [SELF-HEALING] The current locator of test object 'Object Repository/Cart/button_Add to Basket' was broken. Propose an alternative one: '//div[2]/button'.

19-09-2024T05:29:44 - [MESSAGE][PASSED] - Object: 'Object Repository/Cart/button_Add to Basket' is clicked on

19-09-2024T05:29:44 - [TEST_STEP][PASSED] - doubleClick(findTestObject("Search/mat-icon_search")): Object: 'Object Repository/Search/mat-icon_search' is double clicked on

19-09-2024T05:29:49 - [MESSAGE][PASSED] - Object: 'Object Repository/Search/mat-icon_search' is double clicked on

19-09-2024T05:29:49 - [TEST_STEP][PASSED] - click(findTestObject("Cart/mat-icon_shopping_cart")): Object: 'Object Repository/Cart/mat-icon_shopping_cart' is clicked on

19-09-2024T05:29:51 - [MESSAGE][PASSED] - Object: 'Object Repository/Cart/mat-icon_shopping_cart' is clicked on

19-09-2024T05:29:51 - [TEST_STEP][PASSED] - verifyElementPresent(findTestObject("Cart/mat-cell_Apple Juice (1000ml)"), 0): Object 'Object Repository/Cart/mat-cell_Apple Juice (1000ml)' is present

19-09-2024T05:29:51 - [MESSAGE][WARNING] - Timeout '0' is invalid. Using default page load timeout: '30'

19-09-2024T05:29:53 - [MESSAGE][PASSED] - Object 'Object Repository/Cart/mat-cell_Apple Juice (1000ml)' is present

19-09-2024T05:29:53 - [TEST_STEP][PASSED] - back(): Navigate back successfully

19-09-2024T05:29:53 - [MESSAGE][PASSED] - Navigate back successfully]]></system-out>
         <system-err><![CDATA[]]></system-err>
      </testcase>
      <system-out><![CDATA[19-09-2024T05:27:59 - [TEST_SUITE][PASSED] - Flow Order: Test Cases/TC User/Add to cart]]></system-out>
      <system-err><![CDATA[]]></system-err>
   </testsuite>
</testsuites>
