<?xml version="1.0" encoding="UTF-8"?>
<testsuites name="Flow Order" time="17.705" tests="2" failures="0" errors="0">
   <testsuite name="Flow Order" tests="2" failures="0" errors="0" time="17.705" skipped="0" timestamp="15-09-2024T10:58:03" hostname="asma.nasyith - 503-01925.modena.com" id="Test Suites/Flow Order">
      <properties>
         <property name="deviceName" value=""/>
         <property name="devicePlatform"/>
         <property name="logFolder" value="C:\\Users\\asma.nasyith\\git\\katalon-taskfinal-Web-Asma-Karimah\\Reports\\20240915_105757\\Flow Order\\20240915_105758"/>
         <property name="logFiles" value="C:\\Users\\asma.nasyith\\git\\katalon-taskfinal-Web-Asma-Karimah\\Reports\\20240915_105757\\Flow Order\\20240915_105758\\execution0.log"/>
         <property name="attachments" value=""/>
         <property name="hostName" value="asma.nasyith - 503-01925.modena.com"/>
         <property name="os" value="Windows 11 64bit"/>
         <property name="katalonVersion" value="9.6.0.217"/>
         <property name="browser" value="Chrome 128.0.0.0"/>
         <property name="hostAddress" value="192.168.196.106"/>
         <property name="sessionId" value="3df8d37c620cbdeebd891cc239e955a3"/>
         <property name="seleniumVersion" value="3.141.59"/>
         <property name="proxyInformation" value="ProxyInformation { proxyOption=NO_PROXY, proxyServerType=HTTP, username=, password=********, proxyServerAddress=, proxyServerPort=0, executionList=&quot;&quot;, isApplyToDesiredCapabilities=true }"/>
         <property name="platform" value="Windows 11"/>
      </properties>
      <testcase name="Test Cases/TC User/Login" time="12.441" classname="Test Cases/TC User/Login" status="PASSED">
         <system-out><![CDATA[15-09-2024T10:58:03 - [TEST_CASE][PASSED] - Test Cases/TC User/Login: Test Cases/TC User/Login

15-09-2024T10:58:03 - [TEST_STEP][PASSED] - openBrowser(""): Browser is opened with url: ''

15-09-2024T10:58:04 - [MESSAGE][INFO] - Starting 'Chrome' driver

15-09-2024T10:58:04 - [MESSAGE][INFO] - Action delay is set to 0 milliseconds

15-09-2024T10:58:05 - [MESSAGE][PASSED] - Browser is opened with url: ''

15-09-2024T10:58:05 - [TEST_STEP][PASSED] - navigateToUrl(siteURL): Navigate to 'https://juice-shop.herokuapp.com/#/' successfully

15-09-2024T10:58:11 - [MESSAGE][PASSED] - Navigate to 'https://juice-shop.herokuapp.com/#/' successfully

15-09-2024T10:58:11 - [TEST_STEP][PASSED] - click(findTestObject("Language/button_Dismiss")): Object: 'Object Repository/Language/button_Dismiss' is clicked on

15-09-2024T10:58:11 - [MESSAGE][PASSED] - Object: 'Object Repository/Language/button_Dismiss' is clicked on

15-09-2024T10:58:11 - [TEST_STEP][PASSED] - click(findTestObject("Language/a_cookies btn")): Object: 'Object Repository/Language/a_cookies btn' is clicked on

15-09-2024T10:58:12 - [MESSAGE][PASSED] - Object: 'Object Repository/Language/a_cookies btn' is clicked on

15-09-2024T10:58:12 - [TEST_STEP][PASSED] - click(findTestObject("Object Repository/Login/button_account")): Object: 'Object Repository/Login/button_account' is clicked on

15-09-2024T10:58:12 - [MESSAGE][PASSED] - Object: 'Object Repository/Login/button_account' is clicked on

15-09-2024T10:58:12 - [TEST_STEP][PASSED] - click(findTestObject("Object Repository/Login/button_Login Menu")): Object: 'Object Repository/Login/button_Login Menu' is clicked on

15-09-2024T10:58:13 - [MESSAGE][PASSED] - Object: 'Object Repository/Login/button_Login Menu' is clicked on

15-09-2024T10:58:13 - [TEST_STEP][PASSED] - click(findTestObject("Object Repository/Login/div_Input Email")): Object: 'Object Repository/Login/div_Input Email' is clicked on

15-09-2024T10:58:13 - [MESSAGE][PASSED] - Object: 'Object Repository/Login/div_Input Email' is clicked on

15-09-2024T10:58:13 - [TEST_STEP][PASSED] - setText(findTestObject("Object Repository/Login/input_Login_email"), username): Text 'lala2@gmail.com' is set on object 'Object Repository/Login/input_Login_email'

15-09-2024T10:58:14 - [MESSAGE][PASSED] - Text 'lala2@gmail.com' is set on object 'Object Repository/Login/input_Login_email'

15-09-2024T10:58:14 - [TEST_STEP][PASSED] - click(findTestObject("Object Repository/Login/div_Password")): Object: 'Object Repository/Login/div_Password' is clicked on

15-09-2024T10:58:15 - [MESSAGE][PASSED] - Object: 'Object Repository/Login/div_Password' is clicked on

15-09-2024T10:58:15 - [TEST_STEP][PASSED] - setEncryptedText(findTestObject("Object Repository/Login/input_Password"), password): Text ****** has been set on object 'Object Repository/Login/input_Password'

15-09-2024T10:58:15 - [MESSAGE][PASSED] - Text ****** has been set on object 'Object Repository/Login/input_Password'

15-09-2024T10:58:15 - [TEST_STEP][PASSED] - click(findTestObject("Object Repository/Login/button_Login")): Object: 'Object Repository/Login/button_Login' is clicked on

15-09-2024T10:58:15 - [MESSAGE][PASSED] - Object: 'Object Repository/Login/button_Login' is clicked on]]></system-out>
         <system-err><![CDATA[]]></system-err>
      </testcase>
      <testcase name="Test Cases/TC User/Add to cart" time="5.079" classname="Test Cases/TC User/Add to cart" status="PASSED">
         <system-out><![CDATA[15-09-2024T10:58:15 - [TEST_CASE][PASSED] - Test Cases/TC User/Add to cart: Test Cases/TC User/Add to cart

15-09-2024T10:58:16 - [TEST_STEP][PASSED] - click(findTestObject("Object Repository/Search/mat-icon_search")): Object: 'Object Repository/Search/mat-icon_search' is clicked on

15-09-2024T10:58:17 - [MESSAGE][PASSED] - Object: 'Object Repository/Search/mat-icon_search' is clicked on

15-09-2024T10:58:17 - [TEST_STEP][PASSED] - setText(findTestObject("Search/input_OWASP Juice Shop_mat-input-0"), buah): Text '' is set on object 'Object Repository/Search/input_OWASP Juice Shop_mat-input-0'

15-09-2024T10:58:18 - [MESSAGE][PASSED] - Text '' is set on object 'Object Repository/Search/input_OWASP Juice Shop_mat-input-0'

15-09-2024T10:58:18 - [TEST_STEP][PASSED] - sendKeys(findTestObject("Search/input_OWASP Juice Shop_mat-input-0"), Keys.chord(ENTER)): Keys 'ENTER + ' sent to object: 'Object Repository/Search/input_OWASP Juice Shop_mat-input-0'

15-09-2024T10:58:18 - [MESSAGE][PASSED] - Keys 'ENTER + ' sent to object: 'Object Repository/Search/input_OWASP Juice Shop_mat-input-0'

15-09-2024T10:58:18 - [TEST_STEP][PASSED] - click(findTestObject("Object Repository/Cart/button_Add to Basket")): Object: 'Object Repository/Cart/button_Add to Basket' is clicked on

15-09-2024T10:58:18 - [MESSAGE][PASSED] - Object: 'Object Repository/Cart/button_Add to Basket' is clicked on

15-09-2024T10:58:18 - [TEST_STEP][PASSED] - click(findTestObject("Object Repository/Cart/span_1")): Object: 'Object Repository/Cart/span_1' is clicked on

15-09-2024T10:58:20 - [MESSAGE][PASSED] - Object: 'Object Repository/Cart/span_1' is clicked on

15-09-2024T10:58:20 - [TEST_STEP][PASSED] - closeBrowser(): Browser is closed

15-09-2024T10:58:20 - [MESSAGE][PASSED] - Browser is closed]]></system-out>
         <system-err><![CDATA[]]></system-err>
      </testcase>
      <system-out><![CDATA[15-09-2024T10:58:03 - [TEST_SUITE][PASSED] - Flow Order: Test Cases/TC User/Add to cart]]></system-out>
      <system-err><![CDATA[]]></system-err>
   </testsuite>
</testsuites>
